<?xml version="1.0" encoding="UTF-8"?>
<!-- Generated by org.testng.reporters.JUnitReportReporter -->
<testsuite hostname="DESKTOP-43325C4" failures="0" tests="3" name="com.testing.Tests4" time="58.532" errors="0" timestamp="2 Dec 2022 20:09:27 GMT">
  <testcase classname="com.testing.Tests4" name="ValidatingUrlAndSignInTest" time="16.720"/>
  <testcase classname="com.testing.Tests4" name="readmail" time="33.199"/>
  <testcase classname="com.testing.Tests4" name="SignOutTest" time="8.613"/>
</testsuite> <!-- com.testing.Tests4 -->
