<?xml version="1.0" encoding="UTF-8"?>
<!-- Generated by org.testng.reporters.JUnitReportReporter -->
<testsuite hostname="DESKTOP-43325C4" failures="0" tests="5" name="com.testing.Tests2" time="34.080" errors="0" timestamp="2 Dec 2022 20:24:52 GMT">
  <testcase classname="com.testing.Tests2" name="CountTotalEmailstest" time="4.071"/>
  <testcase classname="com.testing.Tests2" name="SigninTest" time="20.554"/>
  <testcase classname="com.testing.Tests2" name="VerifyLinktest" time="0.008"/>
  <testcase classname="com.testing.Tests2" name="SignoutTest" time="5.376"/>
  <testcase classname="com.testing.Tests2" name="CountonFirstPagetest" time="4.071"/>
</testsuite> <!-- com.testing.Tests2 -->
