<?xml version="1.0" encoding="UTF-8"?>
<!-- Generated by org.testng.reporters.JUnitReportReporter -->
<testsuite hostname="DESKTOP-43325C4" failures="0" tests="6" name="com.testing.Tests1" time="32.776" errors="0" timestamp="2 Dec 2022 20:19:03 GMT">
  <testcase classname="com.testing.Tests1" name="VerifyLinktest" time="0.015"/>
  <testcase classname="com.testing.Tests1" name="UsernameTest" time="2.502"/>
  <testcase classname="com.testing.Tests1" name="SigninTest" time="7.063"/>
  <testcase classname="com.testing.Tests1" name="validUserWrongPWDTEST" time="6.514"/>
  <testcase classname="com.testing.Tests1" name="SignOutTest" time="4.873"/>
  <testcase classname="com.testing.Tests1" name="InsertingPassTest" time="11.809"/>
</testsuite> <!-- com.testing.Tests1 -->
